2024-09-18T17:16:50.085+09:00  INFO 24408 --- [restartedMain] c.h.t.TunnelMonitoringApplication        : Starting TunnelMonitoringApplication using Java 17.0.10 with PID 24408 (C:\서부환기\ventilation\out\production\classes started by hs in C:\서부환기\ventilation)
2024-09-18T17:16:50.092+09:00 DEBUG 24408 --- [restartedMain] c.h.t.TunnelMonitoringApplication        : Running with Spring Boot v3.2.4, Spring v6.1.5
2024-09-18T17:16:50.093+09:00  INFO 24408 --- [restartedMain] c.h.t.TunnelMonitoringApplication        : No active profile set, falling back to 1 default profile: "default"
2024-09-18T17:16:50.178+09:00  INFO 24408 --- [restartedMain] o.s.b.devtools.restart.ChangeableUrls    : The Class-Path manifest attribute in C:\Users\hs\.gradle\caches\modules-2\files-2.1\com.oracle.database.jdbc\ojdbc11\21.9.0.0\1aad2e20684ee075bb9ebdca2d83f028e4fd35fa\ojdbc11-21.9.0.0.jar referenced one or more files that do not exist: file:/C:/Users/hs/.gradle/caches/modules-2/files-2.1/com.oracle.database.jdbc/ojdbc11/21.9.0.0/1aad2e20684ee075bb9ebdca2d83f028e4fd35fa/oraclepki.jar
2024-09-18T17:16:50.178+09:00  INFO 24408 --- [restartedMain] .e.DevToolsPropertyDefaultsPostProcessor : Devtools property defaults active! Set 'spring.devtools.add-properties' to 'false' to disable
2024-09-18T17:16:50.179+09:00  INFO 24408 --- [restartedMain] .e.DevToolsPropertyDefaultsPostProcessor : For additional web related logging consider setting the 'logging.level.web' property to 'DEBUG'
2024-09-18T17:16:52.045+09:00  INFO 24408 --- [restartedMain] o.s.b.w.embedded.tomcat.TomcatWebServer  : Tomcat initialized with port 9999 (http)
2024-09-18T17:16:52.057+09:00  INFO 24408 --- [restartedMain] o.apache.catalina.core.StandardService   : Starting service [Tomcat]
2024-09-18T17:16:52.057+09:00  INFO 24408 --- [restartedMain] o.apache.catalina.core.StandardEngine    : Starting Servlet engine: [Apache Tomcat/10.1.19]
2024-09-18T17:16:52.126+09:00  INFO 24408 --- [restartedMain] o.a.c.c.C.[Tomcat].[localhost].[/]       : Initializing Spring embedded WebApplicationContext
2024-09-18T17:16:52.127+09:00  INFO 24408 --- [restartedMain] w.s.c.ServletWebServerApplicationContext : Root WebApplicationContext: initialization completed in 1948 ms
2024-09-18T17:16:53.164+09:00  INFO 24408 --- [restartedMain] o.s.b.a.w.s.WelcomePageHandlerMapping    : Adding welcome page: class path resource [static/index.html]
2024-09-18T17:16:53.646+09:00  INFO 24408 --- [restartedMain] o.s.b.d.a.OptionalLiveReloadServer       : LiveReload server is running on port 35729
2024-09-18T17:16:53.695+09:00  INFO 24408 --- [restartedMain] o.s.b.w.embedded.tomcat.TomcatWebServer  : Tomcat started on port 9999 (http) with context path ''
2024-09-18T17:16:53.713+09:00  INFO 24408 --- [restartedMain] c.h.t.TunnelMonitoringApplication        : Started TunnelMonitoringApplication in 4.289 seconds (process running for 5.308)
2024-09-18T17:17:30.371+09:00  INFO 24408 --- [http-nio-9999-exec-3] o.a.c.c.C.[Tomcat].[localhost].[/]       : Initializing Spring DispatcherServlet 'dispatcherServlet'
2024-09-18T17:17:30.372+09:00  INFO 24408 --- [http-nio-9999-exec-3] o.s.web.servlet.DispatcherServlet        : Initializing Servlet 'dispatcherServlet'
2024-09-18T17:17:30.373+09:00  INFO 24408 --- [http-nio-9999-exec-3] o.s.web.servlet.DispatcherServlet        : Completed initialization in 1 ms
2024-09-18T17:17:30.420+09:00  WARN 24408 --- [http-nio-9999-exec-3] .w.s.m.s.DefaultHandlerExceptionResolver : Resolved [org.springframework.web.bind.MissingServletRequestParameterException: Required request parameter 'linkId' for method parameter type String is not present]
2024-09-18T17:17:51.938+09:00  INFO 24408 --- [http-nio-9999-exec-4] com.zaxxer.hikari.HikariDataSource       : HikariPool-1 - Starting...
2024-09-18T17:17:52.467+09:00  INFO 24408 --- [http-nio-9999-exec-4] com.zaxxer.hikari.pool.HikariPool        : HikariPool-1 - Added connection oracle.jdbc.driver.T4CConnection@62f9f616
2024-09-18T17:17:52.470+09:00  INFO 24408 --- [http-nio-9999-exec-4] com.zaxxer.hikari.HikariDataSource       : HikariPool-1 - Start completed.
2024-09-18T17:17:52.506+09:00 DEBUG 24408 --- [http-nio-9999-exec-4] c.h.t.mapper.power.AcbMapper.acbMonitor  : ==>  Preparing: SELECT * FROM ( SELECT a.*, ROWNUM rnum FROM ( SELECT * FROM ACB_STTUS WHERE LINK_ID = ? ORDER BY acb_id ) a ) WHERE rnum BETWEEN ? + 1 AND ? + ?
2024-09-18T17:17:52.649+09:00 DEBUG 24408 --- [http-nio-9999-exec-4] c.h.t.mapper.power.AcbMapper.acbMonitor  : ==> Parameters: LNK001(String), 0(Integer), 0(Integer), 10(Integer)
2024-09-18T17:17:52.794+09:00 DEBUG 24408 --- [http-nio-9999-exec-4] c.h.t.mapper.power.AcbMapper.acbMonitor  : <==      Total: 1
2024-09-18T17:17:52.803+09:00 DEBUG 24408 --- [http-nio-9999-exec-4] c.h.t.m.p.AcbMapper.acbMonitorCountAll   : ==>  Preparing: SELECT COUNT(*) FROM ACB_STTUS
2024-09-18T17:17:52.803+09:00 DEBUG 24408 --- [http-nio-9999-exec-4] c.h.t.m.p.AcbMapper.acbMonitorCountAll   : ==> Parameters: 
2024-09-18T17:17:52.810+09:00 DEBUG 24408 --- [http-nio-9999-exec-4] c.h.t.m.p.AcbMapper.acbMonitorCountAll   : <==      Total: 1
2024-09-18T17:18:41.691+09:00  INFO 24408 --- [SpringApplicationShutdownHook] com.zaxxer.hikari.HikariDataSource       : HikariPool-1 - Shutdown initiated...
2024-09-18T17:18:41.703+09:00  INFO 24408 --- [SpringApplicationShutdownHook] com.zaxxer.hikari.HikariDataSource       : HikariPool-1 - Shutdown completed.
2024-09-18T17:18:51.167+09:00  INFO 9868 --- [restartedMain] c.h.t.TunnelMonitoringApplication        : Starting TunnelMonitoringApplication using Java 17.0.10 with PID 9868 (C:\서부환기\ventilation\out\production\classes started by hs in C:\서부환기\ventilation)
2024-09-18T17:18:51.171+09:00 DEBUG 9868 --- [restartedMain] c.h.t.TunnelMonitoringApplication        : Running with Spring Boot v3.2.4, Spring v6.1.5
2024-09-18T17:18:51.172+09:00  INFO 9868 --- [restartedMain] c.h.t.TunnelMonitoringApplication        : No active profile set, falling back to 1 default profile: "default"
2024-09-18T17:18:51.290+09:00  INFO 9868 --- [restartedMain] o.s.b.devtools.restart.ChangeableUrls    : The Class-Path manifest attribute in C:\Users\hs\.gradle\caches\modules-2\files-2.1\com.oracle.database.jdbc\ojdbc11\21.9.0.0\1aad2e20684ee075bb9ebdca2d83f028e4fd35fa\ojdbc11-21.9.0.0.jar referenced one or more files that do not exist: file:/C:/Users/hs/.gradle/caches/modules-2/files-2.1/com.oracle.database.jdbc/ojdbc11/21.9.0.0/1aad2e20684ee075bb9ebdca2d83f028e4fd35fa/oraclepki.jar
2024-09-18T17:18:51.291+09:00  INFO 9868 --- [restartedMain] .e.DevToolsPropertyDefaultsPostProcessor : Devtools property defaults active! Set 'spring.devtools.add-properties' to 'false' to disable
2024-09-18T17:18:51.291+09:00  INFO 9868 --- [restartedMain] .e.DevToolsPropertyDefaultsPostProcessor : For additional web related logging consider setting the 'logging.level.web' property to 'DEBUG'
2024-09-18T17:18:53.246+09:00  INFO 9868 --- [restartedMain] o.s.b.w.embedded.tomcat.TomcatWebServer  : Tomcat initialized with port 9999 (http)
2024-09-18T17:18:53.260+09:00  INFO 9868 --- [restartedMain] o.apache.catalina.core.StandardService   : Starting service [Tomcat]
2024-09-18T17:18:53.261+09:00  INFO 9868 --- [restartedMain] o.apache.catalina.core.StandardEngine    : Starting Servlet engine: [Apache Tomcat/10.1.19]
2024-09-18T17:18:53.322+09:00  INFO 9868 --- [restartedMain] o.a.c.c.C.[Tomcat].[localhost].[/]       : Initializing Spring embedded WebApplicationContext
2024-09-18T17:18:53.323+09:00  INFO 9868 --- [restartedMain] w.s.c.ServletWebServerApplicationContext : Root WebApplicationContext: initialization completed in 2030 ms
2024-09-18T17:18:54.434+09:00  INFO 9868 --- [restartedMain] o.s.b.a.w.s.WelcomePageHandlerMapping    : Adding welcome page: class path resource [static/index.html]
2024-09-18T17:18:54.989+09:00  INFO 9868 --- [restartedMain] o.s.b.d.a.OptionalLiveReloadServer       : LiveReload server is running on port 35729
2024-09-18T17:18:55.039+09:00  INFO 9868 --- [restartedMain] o.s.b.w.embedded.tomcat.TomcatWebServer  : Tomcat started on port 9999 (http) with context path ''
2024-09-18T17:18:55.059+09:00  INFO 9868 --- [restartedMain] c.h.t.TunnelMonitoringApplication        : Started TunnelMonitoringApplication in 4.819 seconds (process running for 6.409)
2024-09-18T17:19:00.698+09:00  INFO 9868 --- [http-nio-9999-exec-2] o.a.c.c.C.[Tomcat].[localhost].[/]       : Initializing Spring DispatcherServlet 'dispatcherServlet'
2024-09-18T17:19:00.698+09:00  INFO 9868 --- [http-nio-9999-exec-2] o.s.web.servlet.DispatcherServlet        : Initializing Servlet 'dispatcherServlet'
2024-09-18T17:19:00.700+09:00  INFO 9868 --- [http-nio-9999-exec-2] o.s.web.servlet.DispatcherServlet        : Completed initialization in 1 ms
2024-09-18T17:19:00.773+09:00 ERROR 9868 --- [http-nio-9999-exec-2] o.a.c.c.C.[.[.[/].[dispatcherServlet]    : Servlet.service() for servlet [dispatcherServlet] in context with path [] threw exception [Request processing failed: java.lang.IllegalArgumentException: Name for argument of type [java.lang.String] not specified, and parameter name information not available via reflection. Ensure that the compiler uses the '-parameters' flag.] with root cause

java.lang.IllegalArgumentException: Name for argument of type [java.lang.String] not specified, and parameter name information not available via reflection. Ensure that the compiler uses the '-parameters' flag.
	at org.springframework.web.method.annotation.AbstractNamedValueMethodArgumentResolver.updateNamedValueInfo(AbstractNamedValueMethodArgumentResolver.java:186) ~[spring-web-6.1.5.jar:6.1.5]
	at org.springframework.web.method.annotation.AbstractNamedValueMethodArgumentResolver.getNamedValueInfo(AbstractNamedValueMethodArgumentResolver.java:161) ~[spring-web-6.1.5.jar:6.1.5]
	at org.springframework.web.method.annotation.AbstractNamedValueMethodArgumentResolver.resolveArgument(AbstractNamedValueMethodArgumentResolver.java:107) ~[spring-web-6.1.5.jar:6.1.5]
	at org.springframework.web.method.support.HandlerMethodArgumentResolverComposite.resolveArgument(HandlerMethodArgumentResolverComposite.java:122) ~[spring-web-6.1.5.jar:6.1.5]
	at org.springframework.web.method.support.InvocableHandlerMethod.getMethodArgumentValues(InvocableHandlerMethod.java:224) ~[spring-web-6.1.5.jar:6.1.5]
	at org.springframework.web.method.support.InvocableHandlerMethod.invokeForRequest(InvocableHandlerMethod.java:178) ~[spring-web-6.1.5.jar:6.1.5]
	at org.springframework.web.servlet.mvc.method.annotation.ServletInvocableHandlerMethod.invokeAndHandle(ServletInvocableHandlerMethod.java:118) ~[spring-webmvc-6.1.5.jar:6.1.5]
	at org.springframework.web.servlet.mvc.method.annotation.RequestMappingHandlerAdapter.invokeHandlerMethod(RequestMappingHandlerAdapter.java:925) ~[spring-webmvc-6.1.5.jar:6.1.5]
	at org.springframework.web.servlet.mvc.method.annotation.RequestMappingHandlerAdapter.handleInternal(RequestMappingHandlerAdapter.java:830) ~[spring-webmvc-6.1.5.jar:6.1.5]
	at org.springframework.web.servlet.mvc.method.AbstractHandlerMethodAdapter.handle(AbstractHandlerMethodAdapter.java:87) ~[spring-webmvc-6.1.5.jar:6.1.5]
	at org.springframework.web.servlet.DispatcherServlet.doDispatch(DispatcherServlet.java:1089) ~[spring-webmvc-6.1.5.jar:6.1.5]
	at org.springframework.web.servlet.DispatcherServlet.doService(DispatcherServlet.java:979) ~[spring-webmvc-6.1.5.jar:6.1.5]
	at org.springframework.web.servlet.FrameworkServlet.processRequest(FrameworkServlet.java:1014) ~[spring-webmvc-6.1.5.jar:6.1.5]
	at org.springframework.web.servlet.FrameworkServlet.doGet(FrameworkServlet.java:903) ~[spring-webmvc-6.1.5.jar:6.1.5]
	at jakarta.servlet.http.HttpServlet.service(HttpServlet.java:564) ~[tomcat-embed-core-10.1.19.jar:6.0]
	at org.springframework.web.servlet.FrameworkServlet.service(FrameworkServlet.java:885) ~[spring-webmvc-6.1.5.jar:6.1.5]
	at jakarta.servlet.http.HttpServlet.service(HttpServlet.java:658) ~[tomcat-embed-core-10.1.19.jar:6.0]
	at org.apache.catalina.core.ApplicationFilterChain.internalDoFilter(ApplicationFilterChain.java:205) ~[tomcat-embed-core-10.1.19.jar:10.1.19]
	at org.apache.catalina.core.ApplicationFilterChain.doFilter(ApplicationFilterChain.java:149) ~[tomcat-embed-core-10.1.19.jar:10.1.19]
	at org.apache.tomcat.websocket.server.WsFilter.doFilter(WsFilter.java:51) ~[tomcat-embed-websocket-10.1.19.jar:10.1.19]
	at org.apache.catalina.core.ApplicationFilterChain.internalDoFilter(ApplicationFilterChain.java:174) ~[tomcat-embed-core-10.1.19.jar:10.1.19]
	at org.apache.catalina.core.ApplicationFilterChain.doFilter(ApplicationFilterChain.java:149) ~[tomcat-embed-core-10.1.19.jar:10.1.19]
	at org.springframework.web.filter.RequestContextFilter.doFilterInternal(RequestContextFilter.java:100) ~[spring-web-6.1.5.jar:6.1.5]
	at org.springframework.web.filter.OncePerRequestFilter.doFilter(OncePerRequestFilter.java:116) ~[spring-web-6.1.5.jar:6.1.5]
	at org.apache.catalina.core.ApplicationFilterChain.internalDoFilter(ApplicationFilterChain.java:174) ~[tomcat-embed-core-10.1.19.jar:10.1.19]
	at org.apache.catalina.core.ApplicationFilterChain.doFilter(ApplicationFilterChain.java:149) ~[tomcat-embed-core-10.1.19.jar:10.1.19]
	at org.springframework.web.filter.FormContentFilter.doFilterInternal(FormContentFilter.java:93) ~[spring-web-6.1.5.jar:6.1.5]
	at org.springframework.web.filter.OncePerRequestFilter.doFilter(OncePerRequestFilter.java:116) ~[spring-web-6.1.5.jar:6.1.5]
	at org.apache.catalina.core.ApplicationFilterChain.internalDoFilter(ApplicationFilterChain.java:174) ~[tomcat-embed-core-10.1.19.jar:10.1.19]
	at org.apache.catalina.core.ApplicationFilterChain.doFilter(ApplicationFilterChain.java:149) ~[tomcat-embed-core-10.1.19.jar:10.1.19]
	at org.springframework.web.filter.CharacterEncodingFilter.doFilterInternal(CharacterEncodingFilter.java:201) ~[spring-web-6.1.5.jar:6.1.5]
	at org.springframework.web.filter.OncePerRequestFilter.doFilter(OncePerRequestFilter.java:116) ~[spring-web-6.1.5.jar:6.1.5]
	at org.apache.catalina.core.ApplicationFilterChain.internalDoFilter(ApplicationFilterChain.java:174) ~[tomcat-embed-core-10.1.19.jar:10.1.19]
	at org.apache.catalina.core.ApplicationFilterChain.doFilter(ApplicationFilterChain.java:149) ~[tomcat-embed-core-10.1.19.jar:10.1.19]
	at org.apache.catalina.core.StandardWrapperValve.invoke(StandardWrapperValve.java:167) ~[tomcat-embed-core-10.1.19.jar:10.1.19]
	at org.apache.catalina.core.StandardContextValve.invoke(StandardContextValve.java:90) ~[tomcat-embed-core-10.1.19.jar:10.1.19]
	at org.apache.catalina.authenticator.AuthenticatorBase.invoke(AuthenticatorBase.java:482) ~[tomcat-embed-core-10.1.19.jar:10.1.19]
	at org.apache.catalina.core.StandardHostValve.invoke(StandardHostValve.java:115) ~[tomcat-embed-core-10.1.19.jar:10.1.19]
	at org.apache.catalina.valves.ErrorReportValve.invoke(ErrorReportValve.java:93) ~[tomcat-embed-core-10.1.19.jar:10.1.19]
	at org.apache.catalina.core.StandardEngineValve.invoke(StandardEngineValve.java:74) ~[tomcat-embed-core-10.1.19.jar:10.1.19]
	at org.apache.catalina.connector.CoyoteAdapter.service(CoyoteAdapter.java:344) ~[tomcat-embed-core-10.1.19.jar:10.1.19]
	at org.apache.coyote.http11.Http11Processor.service(Http11Processor.java:391) ~[tomcat-embed-core-10.1.19.jar:10.1.19]
	at org.apache.coyote.AbstractProcessorLight.process(AbstractProcessorLight.java:63) ~[tomcat-embed-core-10.1.19.jar:10.1.19]
	at org.apache.coyote.AbstractProtocol$ConnectionHandler.process(AbstractProtocol.java:896) ~[tomcat-embed-core-10.1.19.jar:10.1.19]
	at org.apache.tomcat.util.net.NioEndpoint$SocketProcessor.doRun(NioEndpoint.java:1744) ~[tomcat-embed-core-10.1.19.jar:10.1.19]
	at org.apache.tomcat.util.net.SocketProcessorBase.run(SocketProcessorBase.java:52) ~[tomcat-embed-core-10.1.19.jar:10.1.19]
	at org.apache.tomcat.util.threads.ThreadPoolExecutor.runWorker(ThreadPoolExecutor.java:1191) ~[tomcat-embed-core-10.1.19.jar:10.1.19]
	at org.apache.tomcat.util.threads.ThreadPoolExecutor$Worker.run(ThreadPoolExecutor.java:659) ~[tomcat-embed-core-10.1.19.jar:10.1.19]
	at org.apache.tomcat.util.threads.TaskThread$WrappingRunnable.run(TaskThread.java:63) ~[tomcat-embed-core-10.1.19.jar:10.1.19]
	at java.base/java.lang.Thread.run(Thread.java:842) ~[na:na]

2024-09-18T17:19:18.383+09:00  INFO 9868 --- [File Watcher] rtingClassPathChangeChangedEventListener : Restarting due to 1 class path change (0 additions, 1 deletion, 0 modifications)
2024-09-18T17:19:18.720+09:00  INFO 9868 --- [restartedMain] c.h.t.TunnelMonitoringApplication        : Starting TunnelMonitoringApplication using Java 17.0.10 with PID 9868 (C:\서부환기\ventilation\out\production\classes started by hs in C:\서부환기\ventilation)
2024-09-18T17:19:18.721+09:00 DEBUG 9868 --- [restartedMain] c.h.t.TunnelMonitoringApplication        : Running with Spring Boot v3.2.4, Spring v6.1.5
2024-09-18T17:19:18.722+09:00  INFO 9868 --- [restartedMain] c.h.t.TunnelMonitoringApplication        : No active profile set, falling back to 1 default profile: "default"
2024-09-18T17:19:19.697+09:00  INFO 9868 --- [restartedMain] o.s.b.w.embedded.tomcat.TomcatWebServer  : Tomcat initialized with port 9999 (http)
2024-09-18T17:19:19.698+09:00  INFO 9868 --- [restartedMain] o.apache.catalina.core.StandardService   : Starting service [Tomcat]
2024-09-18T17:19:19.699+09:00  INFO 9868 --- [restartedMain] o.apache.catalina.core.StandardEngine    : Starting Servlet engine: [Apache Tomcat/10.1.19]
2024-09-18T17:19:19.752+09:00  INFO 9868 --- [restartedMain] o.a.c.c.C.[Tomcat].[localhost].[/]       : Initializing Spring embedded WebApplicationContext
2024-09-18T17:19:19.753+09:00  INFO 9868 --- [restartedMain] w.s.c.ServletWebServerApplicationContext : Root WebApplicationContext: initialization completed in 1016 ms
2024-09-18T17:19:20.305+09:00  INFO 9868 --- [restartedMain] o.s.b.a.w.s.WelcomePageHandlerMapping    : Adding welcome page: class path resource [static/index.html]
2024-09-18T17:19:20.653+09:00  INFO 9868 --- [restartedMain] o.s.b.d.a.OptionalLiveReloadServer       : LiveReload server is running on port 35729
2024-09-18T17:19:20.700+09:00  INFO 9868 --- [restartedMain] o.s.b.w.embedded.tomcat.TomcatWebServer  : Tomcat started on port 9999 (http) with context path ''
2024-09-18T17:19:20.719+09:00  INFO 9868 --- [restartedMain] c.h.t.TunnelMonitoringApplication        : Started TunnelMonitoringApplication in 2.118 seconds (process running for 32.07)
2024-09-18T17:19:20.727+09:00  INFO 9868 --- [restartedMain] .ConditionEvaluationDeltaLoggingListener : Condition evaluation unchanged
2024-09-18T17:19:22.343+09:00  INFO 9868 --- [File Watcher] rtingClassPathChangeChangedEventListener : Restarting due to 1 class path change (1 addition, 0 deletions, 0 modifications)
2024-09-18T17:19:22.650+09:00  INFO 9868 --- [restartedMain] c.h.t.TunnelMonitoringApplication        : Starting TunnelMonitoringApplication using Java 17.0.10 with PID 9868 (C:\서부환기\ventilation\out\production\classes started by hs in C:\서부환기\ventilation)
2024-09-18T17:19:22.651+09:00 DEBUG 9868 --- [restartedMain] c.h.t.TunnelMonitoringApplication        : Running with Spring Boot v3.2.4, Spring v6.1.5
2024-09-18T17:19:22.652+09:00  INFO 9868 --- [restartedMain] c.h.t.TunnelMonitoringApplication        : No active profile set, falling back to 1 default profile: "default"
2024-09-18T17:19:23.660+09:00  INFO 9868 --- [restartedMain] o.s.b.w.embedded.tomcat.TomcatWebServer  : Tomcat initialized with port 9999 (http)
2024-09-18T17:19:23.662+09:00  INFO 9868 --- [restartedMain] o.apache.catalina.core.StandardService   : Starting service [Tomcat]
2024-09-18T17:19:23.662+09:00  INFO 9868 --- [restartedMain] o.apache.catalina.core.StandardEngine    : Starting Servlet engine: [Apache Tomcat/10.1.19]
2024-09-18T17:19:23.732+09:00  INFO 9868 --- [restartedMain] o.a.c.c.C.[Tomcat].[localhost].[/]       : Initializing Spring embedded WebApplicationContext
2024-09-18T17:19:23.732+09:00  INFO 9868 --- [restartedMain] w.s.c.ServletWebServerApplicationContext : Root WebApplicationContext: initialization completed in 1069 ms
2024-09-18T17:19:24.243+09:00  INFO 9868 --- [restartedMain] o.s.b.a.w.s.WelcomePageHandlerMapping    : Adding welcome page: class path resource [static/index.html]
2024-09-18T17:19:24.448+09:00  INFO 9868 --- [restartedMain] o.s.b.d.a.OptionalLiveReloadServer       : LiveReload server is running on port 35729
2024-09-18T17:19:24.468+09:00  INFO 9868 --- [restartedMain] o.s.b.w.embedded.tomcat.TomcatWebServer  : Tomcat started on port 9999 (http) with context path ''
2024-09-18T17:19:24.478+09:00  INFO 9868 --- [restartedMain] c.h.t.TunnelMonitoringApplication        : Started TunnelMonitoringApplication in 1.953 seconds (process running for 35.829)
2024-09-18T17:19:24.481+09:00  INFO 9868 --- [restartedMain] .ConditionEvaluationDeltaLoggingListener : Condition evaluation unchanged
2024-09-18T17:21:29.110+09:00  INFO 6420 --- [restartedMain] c.h.t.TunnelMonitoringApplication        : Starting TunnelMonitoringApplication using Java 17.0.10 with PID 6420 (C:\서부환기\ventilation\out\production\classes started by hs in C:\서부환기\ventilation)
2024-09-18T17:21:29.112+09:00 DEBUG 6420 --- [restartedMain] c.h.t.TunnelMonitoringApplication        : Running with Spring Boot v3.2.4, Spring v6.1.5
2024-09-18T17:21:29.112+09:00  INFO 6420 --- [restartedMain] c.h.t.TunnelMonitoringApplication        : No active profile set, falling back to 1 default profile: "default"
2024-09-18T17:21:29.191+09:00  INFO 6420 --- [restartedMain] o.s.b.devtools.restart.ChangeableUrls    : The Class-Path manifest attribute in C:\Users\hs\.gradle\caches\modules-2\files-2.1\com.oracle.database.jdbc\ojdbc11\21.9.0.0\1aad2e20684ee075bb9ebdca2d83f028e4fd35fa\ojdbc11-21.9.0.0.jar referenced one or more files that do not exist: file:/C:/Users/hs/.gradle/caches/modules-2/files-2.1/com.oracle.database.jdbc/ojdbc11/21.9.0.0/1aad2e20684ee075bb9ebdca2d83f028e4fd35fa/oraclepki.jar
2024-09-18T17:21:29.192+09:00  INFO 6420 --- [restartedMain] .e.DevToolsPropertyDefaultsPostProcessor : Devtools property defaults active! Set 'spring.devtools.add-properties' to 'false' to disable
2024-09-18T17:21:29.192+09:00  INFO 6420 --- [restartedMain] .e.DevToolsPropertyDefaultsPostProcessor : For additional web related logging consider setting the 'logging.level.web' property to 'DEBUG'
2024-09-18T17:21:30.467+09:00  INFO 6420 --- [restartedMain] o.s.b.w.embedded.tomcat.TomcatWebServer  : Tomcat initialized with port 9999 (http)
2024-09-18T17:21:30.478+09:00  INFO 6420 --- [restartedMain] o.apache.catalina.core.StandardService   : Starting service [Tomcat]
2024-09-18T17:21:30.478+09:00  INFO 6420 --- [restartedMain] o.apache.catalina.core.StandardEngine    : Starting Servlet engine: [Apache Tomcat/10.1.19]
2024-09-18T17:21:30.518+09:00  INFO 6420 --- [restartedMain] o.a.c.c.C.[Tomcat].[localhost].[/]       : Initializing Spring embedded WebApplicationContext
2024-09-18T17:21:30.519+09:00  INFO 6420 --- [restartedMain] w.s.c.ServletWebServerApplicationContext : Root WebApplicationContext: initialization completed in 1325 ms
2024-09-18T17:21:31.145+09:00  INFO 6420 --- [restartedMain] o.s.b.a.w.s.WelcomePageHandlerMapping    : Adding welcome page: class path resource [static/index.html]
2024-09-18T17:21:31.513+09:00  INFO 6420 --- [restartedMain] o.s.b.d.a.OptionalLiveReloadServer       : LiveReload server is running on port 35729
2024-09-18T17:21:31.555+09:00  INFO 6420 --- [restartedMain] o.s.b.w.embedded.tomcat.TomcatWebServer  : Tomcat started on port 9999 (http) with context path ''
2024-09-18T17:21:31.575+09:00  INFO 6420 --- [restartedMain] c.h.t.TunnelMonitoringApplication        : Started TunnelMonitoringApplication in 2.939 seconds (process running for 3.629)
2024-09-18T17:21:49.349+09:00  INFO 6420 --- [http-nio-9999-exec-1] o.a.c.c.C.[Tomcat].[localhost].[/]       : Initializing Spring DispatcherServlet 'dispatcherServlet'
2024-09-18T17:21:49.349+09:00  INFO 6420 --- [http-nio-9999-exec-1] o.s.web.servlet.DispatcherServlet        : Initializing Servlet 'dispatcherServlet'
2024-09-18T17:21:49.350+09:00  INFO 6420 --- [http-nio-9999-exec-1] o.s.web.servlet.DispatcherServlet        : Completed initialization in 0 ms
2024-09-18T17:21:49.404+09:00  INFO 6420 --- [http-nio-9999-exec-1] com.zaxxer.hikari.HikariDataSource       : HikariPool-1 - Starting...
2024-09-18T17:21:50.001+09:00  INFO 6420 --- [http-nio-9999-exec-1] com.zaxxer.hikari.pool.HikariPool        : HikariPool-1 - Added connection oracle.jdbc.driver.T4CConnection@6cf3ac6b
2024-09-18T17:21:50.004+09:00  INFO 6420 --- [http-nio-9999-exec-1] com.zaxxer.hikari.HikariDataSource       : HikariPool-1 - Start completed.
2024-09-18T17:21:50.027+09:00 DEBUG 6420 --- [http-nio-9999-exec-1] c.h.t.mapper.power.AcbMapper.acbMonitor  : ==>  Preparing: SELECT * FROM ( SELECT a.*, ROWNUM rnum FROM ( SELECT * FROM ACB_STTUS WHERE LINK_ID = ? ORDER BY acb_id ) a ) WHERE rnum BETWEEN ? + 1 AND ? + ?
2024-09-18T17:21:50.117+09:00 DEBUG 6420 --- [http-nio-9999-exec-1] c.h.t.mapper.power.AcbMapper.acbMonitor  : ==> Parameters: LNK001(String), 0(Integer), 0(Integer), 10(Integer)
2024-09-18T17:21:50.209+09:00 DEBUG 6420 --- [http-nio-9999-exec-1] c.h.t.mapper.power.AcbMapper.acbMonitor  : <==      Total: 1
2024-09-18T17:21:50.221+09:00 DEBUG 6420 --- [http-nio-9999-exec-1] c.h.t.m.p.AcbMapper.acbMonitorCountAll   : ==>  Preparing: SELECT COUNT(*) FROM ACB_STTUS
2024-09-18T17:21:50.222+09:00 DEBUG 6420 --- [http-nio-9999-exec-1] c.h.t.m.p.AcbMapper.acbMonitorCountAll   : ==> Parameters: 
2024-09-18T17:21:50.226+09:00 DEBUG 6420 --- [http-nio-9999-exec-1] c.h.t.m.p.AcbMapper.acbMonitorCountAll   : <==      Total: 1
2024-09-18T17:21:54.797+09:00 DEBUG 6420 --- [http-nio-9999-exec-9] c.h.t.mapper.power.AcbMapper.acbMonitor  : ==>  Preparing: SELECT * FROM ( SELECT a.*, ROWNUM rnum FROM ( SELECT * FROM ACB_STTUS WHERE LINK_ID = ? ORDER BY acb_id ) a ) WHERE rnum BETWEEN ? + 1 AND ? + ?
2024-09-18T17:21:54.798+09:00 DEBUG 6420 --- [http-nio-9999-exec-9] c.h.t.mapper.power.AcbMapper.acbMonitor  : ==> Parameters: LNK001(String), 0(Integer), 0(Integer), 10(Integer)
2024-09-18T17:21:54.800+09:00 DEBUG 6420 --- [http-nio-9999-exec-9] c.h.t.mapper.power.AcbMapper.acbMonitor  : <==      Total: 1
2024-09-18T17:21:54.801+09:00 DEBUG 6420 --- [http-nio-9999-exec-9] c.h.t.m.p.AcbMapper.acbMonitorCountAll   : ==>  Preparing: SELECT COUNT(*) FROM ACB_STTUS
2024-09-18T17:21:54.802+09:00 DEBUG 6420 --- [http-nio-9999-exec-9] c.h.t.m.p.AcbMapper.acbMonitorCountAll   : ==> Parameters: 
2024-09-18T17:21:54.803+09:00 DEBUG 6420 --- [http-nio-9999-exec-9] c.h.t.m.p.AcbMapper.acbMonitorCountAll   : <==      Total: 1
2024-09-18T17:22:51.396+09:00  INFO 6420 --- [SpringApplicationShutdownHook] com.zaxxer.hikari.HikariDataSource       : HikariPool-1 - Shutdown initiated...
2024-09-18T17:22:51.406+09:00  INFO 6420 --- [SpringApplicationShutdownHook] com.zaxxer.hikari.HikariDataSource       : HikariPool-1 - Shutdown completed.
2024-09-18T17:26:26.196+09:00  INFO 22356 --- [restartedMain] c.h.t.TunnelMonitoringApplication        : Starting TunnelMonitoringApplication using Java 17.0.10 with PID 22356 (C:\서부환기\ventilation\out\production\classes started by hs in C:\서부환기\ventilation)
2024-09-18T17:26:26.200+09:00 DEBUG 22356 --- [restartedMain] c.h.t.TunnelMonitoringApplication        : Running with Spring Boot v3.2.4, Spring v6.1.5
2024-09-18T17:26:26.201+09:00  INFO 22356 --- [restartedMain] c.h.t.TunnelMonitoringApplication        : No active profile set, falling back to 1 default profile: "default"
2024-09-18T17:26:26.270+09:00  INFO 22356 --- [restartedMain] o.s.b.devtools.restart.ChangeableUrls    : The Class-Path manifest attribute in C:\Users\hs\.gradle\caches\modules-2\files-2.1\com.oracle.database.jdbc\ojdbc11\21.9.0.0\1aad2e20684ee075bb9ebdca2d83f028e4fd35fa\ojdbc11-21.9.0.0.jar referenced one or more files that do not exist: file:/C:/Users/hs/.gradle/caches/modules-2/files-2.1/com.oracle.database.jdbc/ojdbc11/21.9.0.0/1aad2e20684ee075bb9ebdca2d83f028e4fd35fa/oraclepki.jar
2024-09-18T17:26:26.270+09:00  INFO 22356 --- [restartedMain] .e.DevToolsPropertyDefaultsPostProcessor : Devtools property defaults active! Set 'spring.devtools.add-properties' to 'false' to disable
2024-09-18T17:26:26.270+09:00  INFO 22356 --- [restartedMain] .e.DevToolsPropertyDefaultsPostProcessor : For additional web related logging consider setting the 'logging.level.web' property to 'DEBUG'
2024-09-18T17:26:27.611+09:00  INFO 22356 --- [restartedMain] o.s.b.w.embedded.tomcat.TomcatWebServer  : Tomcat initialized with port 9999 (http)
2024-09-18T17:26:27.623+09:00  INFO 22356 --- [restartedMain] o.apache.catalina.core.StandardService   : Starting service [Tomcat]
2024-09-18T17:26:27.624+09:00  INFO 22356 --- [restartedMain] o.apache.catalina.core.StandardEngine    : Starting Servlet engine: [Apache Tomcat/10.1.19]
2024-09-18T17:26:27.676+09:00  INFO 22356 --- [restartedMain] o.a.c.c.C.[Tomcat].[localhost].[/]       : Initializing Spring embedded WebApplicationContext
2024-09-18T17:26:27.677+09:00  INFO 22356 --- [restartedMain] w.s.c.ServletWebServerApplicationContext : Root WebApplicationContext: initialization completed in 1406 ms
2024-09-18T17:26:28.397+09:00  INFO 22356 --- [restartedMain] o.s.b.a.w.s.WelcomePageHandlerMapping    : Adding welcome page: class path resource [static/index.html]
2024-09-18T17:26:28.778+09:00  INFO 22356 --- [restartedMain] o.s.b.d.a.OptionalLiveReloadServer       : LiveReload server is running on port 35729
2024-09-18T17:26:28.812+09:00  INFO 22356 --- [restartedMain] o.s.b.w.embedded.tomcat.TomcatWebServer  : Tomcat started on port 9999 (http) with context path ''
2024-09-18T17:26:28.825+09:00  INFO 22356 --- [restartedMain] c.h.t.TunnelMonitoringApplication        : Started TunnelMonitoringApplication in 3.078 seconds (process running for 3.695)
2024-09-18T17:26:33.585+09:00  INFO 22356 --- [http-nio-9999-exec-1] o.a.c.c.C.[Tomcat].[localhost].[/]       : Initializing Spring DispatcherServlet 'dispatcherServlet'
2024-09-18T17:26:33.586+09:00  INFO 22356 --- [http-nio-9999-exec-1] o.s.web.servlet.DispatcherServlet        : Initializing Servlet 'dispatcherServlet'
2024-09-18T17:26:33.587+09:00  INFO 22356 --- [http-nio-9999-exec-1] o.s.web.servlet.DispatcherServlet        : Completed initialization in 1 ms
2024-09-18T17:26:33.640+09:00  INFO 22356 --- [http-nio-9999-exec-1] com.zaxxer.hikari.HikariDataSource       : HikariPool-1 - Starting...
2024-09-18T17:26:33.976+09:00  INFO 22356 --- [http-nio-9999-exec-1] com.zaxxer.hikari.pool.HikariPool        : HikariPool-1 - Added connection oracle.jdbc.driver.T4CConnection@1b1b66eb
2024-09-18T17:26:33.978+09:00  INFO 22356 --- [http-nio-9999-exec-1] com.zaxxer.hikari.HikariDataSource       : HikariPool-1 - Start completed.
2024-09-18T17:26:34.001+09:00 DEBUG 22356 --- [http-nio-9999-exec-1] c.h.t.mapper.power.AcbMapper.acbMonitor  : ==>  Preparing: SELECT * FROM ( SELECT a.*, ROWNUM rnum FROM ( SELECT * FROM ACB_STTUS WHERE LINK_ID = ? ORDER BY acb_id ) a ) WHERE rnum BETWEEN ? + 1 AND ? + ?
2024-09-18T17:26:34.073+09:00 DEBUG 22356 --- [http-nio-9999-exec-1] c.h.t.mapper.power.AcbMapper.acbMonitor  : ==> Parameters: LNK001(String), 0(Integer), 0(Integer), 10(Integer)
2024-09-18T17:26:34.152+09:00 DEBUG 22356 --- [http-nio-9999-exec-1] c.h.t.mapper.power.AcbMapper.acbMonitor  : <==      Total: 1
2024-09-18T17:26:34.162+09:00 DEBUG 22356 --- [http-nio-9999-exec-1] c.h.t.m.p.AcbMapper.acbMonitorCountAll   : ==>  Preparing: SELECT COUNT(*) FROM ACB_STTUS
2024-09-18T17:26:34.162+09:00 DEBUG 22356 --- [http-nio-9999-exec-1] c.h.t.m.p.AcbMapper.acbMonitorCountAll   : ==> Parameters: 
2024-09-18T17:26:34.166+09:00 DEBUG 22356 --- [http-nio-9999-exec-1] c.h.t.m.p.AcbMapper.acbMonitorCountAll   : <==      Total: 1
2024-09-18T17:26:52.110+09:00 DEBUG 22356 --- [http-nio-9999-exec-7] c.h.t.mapper.power.AcbMapper.acbFindAll  : ==>  Preparing: SELECT * FROM ACB WHERE LINK_ID = ?
2024-09-18T17:26:52.110+09:00 DEBUG 22356 --- [http-nio-9999-exec-7] c.h.t.mapper.power.AcbMapper.acbFindAll  : ==> Parameters: LNK001(String)
2024-09-18T17:26:52.118+09:00 DEBUG 22356 --- [http-nio-9999-exec-7] c.h.t.mapper.power.AcbMapper.acbFindAll  : <==      Total: 1
2024-09-18T17:26:52.118+09:00 DEBUG 22356 --- [http-nio-9999-exec-7] c.h.t.m.power.AcbMapper.acbCountAll      : ==>  Preparing: SELECT COUNT(*) FROM ACB
2024-09-18T17:26:52.119+09:00 DEBUG 22356 --- [http-nio-9999-exec-7] c.h.t.m.power.AcbMapper.acbCountAll      : ==> Parameters: 
2024-09-18T17:26:52.122+09:00 DEBUG 22356 --- [http-nio-9999-exec-7] c.h.t.m.power.AcbMapper.acbCountAll      : <==      Total: 1
2024-09-18T17:27:54.271+09:00  INFO 22356 --- [SpringApplicationShutdownHook] com.zaxxer.hikari.HikariDataSource       : HikariPool-1 - Shutdown initiated...
2024-09-18T17:27:54.282+09:00  INFO 22356 --- [SpringApplicationShutdownHook] com.zaxxer.hikari.HikariDataSource       : HikariPool-1 - Shutdown completed.
